Writing PID to tmp/pids/thin.pid
Using rack adapter
Thin web server (v1.6.3 codename Protein Powder)
Maximum connections set to 1024
Listening on 0.0.0.0:3000, CTRL+C to stop
Exiting!
/Users/luwei/.rvm/gems/ruby-2.1.2/gems/eventmachine-1.0.3/lib/eventmachine.rb:526:in `start_tcp_server': no acceptor (port is in use or requires root privileges) (RuntimeError)
	from /Users/luwei/.rvm/gems/ruby-2.1.2/gems/eventmachine-1.0.3/lib/eventmachine.rb:526:in `start_server'
	from /Users/luwei/.rvm/gems/ruby-2.1.2/gems/thin-1.6.3/lib/thin/backends/tcp_server.rb:16:in `connect'
	from /Users/luwei/.rvm/gems/ruby-2.1.2/gems/thin-1.6.3/lib/thin/backends/base.rb:63:in `block in start'
	from /Users/luwei/.rvm/gems/ruby-2.1.2/gems/eventmachine-1.0.3/lib/eventmachine.rb:187:in `call'
	from /Users/luwei/.rvm/gems/ruby-2.1.2/gems/eventmachine-1.0.3/lib/eventmachine.rb:187:in `run_machine'
	from /Users/luwei/.rvm/gems/ruby-2.1.2/gems/eventmachine-1.0.3/lib/eventmachine.rb:187:in `run'
	from /Users/luwei/.rvm/gems/ruby-2.1.2/gems/thin-1.6.3/lib/thin/backends/base.rb:73:in `start'
	from /Users/luwei/.rvm/gems/ruby-2.1.2/gems/thin-1.6.3/lib/thin/server.rb:162:in `start'
	from /Users/luwei/.rvm/gems/ruby-2.1.2/gems/thin-1.6.3/lib/thin/controllers/controller.rb:87:in `start'
	from /Users/luwei/.rvm/gems/ruby-2.1.2/gems/thin-1.6.3/lib/thin/runner.rb:200:in `run_command'
	from /Users/luwei/.rvm/gems/ruby-2.1.2/gems/thin-1.6.3/lib/thin/runner.rb:156:in `run!'
	from /Users/luwei/.rvm/gems/ruby-2.1.2/gems/thin-1.6.3/bin/thin:6:in `<top (required)>'
	from /Users/luwei/.rvm/gems/ruby-2.1.2/bin/thin:23:in `load'
	from /Users/luwei/.rvm/gems/ruby-2.1.2/bin/thin:23:in `<main>'
	from /Users/luwei/.rvm/gems/ruby-2.1.2/bin/ruby_executable_hooks:15:in `eval'
	from /Users/luwei/.rvm/gems/ruby-2.1.2/bin/ruby_executable_hooks:15:in `<main>'
